[2026-06-24 16:46:48] Программа запущена
[2026-06-24 16:47:21] Установлена версия: 39
[2026-06-24 16:47:28] Установлен уровень коррекции: M
[2026-06-24 16:47:36] Установлен размер модуля: 2
[2026-06-24 16:47:48] Установлен цвет кода: green
[2026-06-24 16:47:56] Установлен цвет фона: yellow
[2026-06-24 16:48:44] Введены данные: https://www.odin.study
[2026-06-24 16:49:09] QR-код сгенерирован для данных: https://www.odin.study
[2026-06-24 16:49:10] QR-код сохранён в файл: qr_code_20260624_164909.png
[2026-06-24 16:49:10] Файл сохранён: qr_code_20260624_164909.png
[2026-06-24 16:56:49] Программа завершена
[2026-06-24 17:37:45] Программа запущена
[2026-06-24 17:39:42] Введены данные: https://mail.ru
[2026-06-24 17:40:04] QR-код сгенерирован для данных: https://mail.ru
[2026-06-24 17:40:04] QR-код сохранён в файл: qr_code_20260624_174004.png
[2026-06-24 17:40:04] Файл сохранён: qr_code_20260624_174004.png
[2026-06-24 17:41:09] Программа завершена
[2026-06-25 12:29:07] Программа запущена
[2026-06-25 12:30:32] Введены данные: https://ya.ru
[2026-06-25 12:31:11] Установлена версия: 5
[2026-06-25 12:31:36] Установлен цвет кода: red
[2026-06-25 12:34:44] Начало генерации артового QR для: https://ya.ru...
[2026-06-25 12:34:44] Загрузка ControlNet модели: DionTimmer/controlnet_qrcode-control_v1p_sd15
[2026-06-25 12:41:13] Загрузка базовой модели: runwayml/stable-diffusion-v1-5
[2026-06-25 12:58:42] Артовый QR-код успешно сгенерирован
[2026-06-25 12:58:42] Артовый QR-код сохранён как artistic_qr_20260625_125842.png
[2026-06-25 12:59:17] Программа завершена
[2026-06-25 13:04:02] Программа запущена
[2026-06-25 13:05:43] Введены данные: https://ya.ru
[2026-06-25 13:06:11] Начало генерации артового QR для: https://ya.ru...
[2026-06-25 13:06:11] Загрузка ControlNet модели: DionTimmer/controlnet_qrcode-control_v1p_sd15
[2026-06-25 13:06:17] Загрузка базовой модели: runwayml/stable-diffusion-v1-5
[2026-06-25 13:07:56] Артовый QR-код успешно сгенерирован
[2026-06-25 13:07:56] Артовый QR-код сохранён как artistic_qr_20260625_130756.png
[2026-06-25 13:08:27] Программа завершена
[2026-06-25 13:12:51] Программа запущена
[2026-06-25 13:13:15] Введены данные: https://ya.ru
[2026-06-25 13:13:25] Начало генерации артового QR для: https://ya.ru...
[2026-06-25 13:13:26] Загрузка ControlNet модели: DionTimmer/controlnet_qrcode-control_v1p_sd15
[2026-06-25 13:13:41] Загрузка базовой модели: runwayml/stable-diffusion-v1-5
[2026-06-25 13:17:21] Артовый QR-код успешно сгенерирован
[2026-06-25 13:17:21] Артовый QR-код сохранён как artistic_qr_20260625_131721.png
[2026-06-25 13:17:28] Программа завершена
[2026-06-25 13:56:34] Программа запущена
[2026-06-25 13:57:05] Введены данные: https://ya.ru
[2026-06-25 13:57:19] Начало генерации артового QR для: https://ya.ru...
[2026-06-25 13:57:19] Загрузка ControlNet модели: DionTimmer/controlnet_qrcode-control_v1p_sd15
[2026-06-25 13:57:19] Загрузка базовой модели: runwayml/stable-diffusion-v1-5
[2026-06-25 14:42:09] Артовый QR-код успешно сгенерирован
[2026-06-25 14:42:09] Артовый QR-код сохранён как artistic_qr_20260625_144209.png
[2026-06-25 14:58:50] Начало генерации артового QR для: https://ya.ru...
[2026-06-25 15:44:21] Артовый QR-код успешно сгенерирован
[2026-06-25 15:44:21] Артовый QR-код сохранён как artistic_qr_20260625_154421.png
[2026-06-25 15:47:05] Установлена версия: 2
[2026-06-25 15:47:09] Установлен уровень коррекции: Q
[2026-06-25 15:47:33] Установлен размер модуля: 20
[2026-06-25 15:47:37] Установлен цвет кода: red
[2026-06-25 15:47:55] Программа завершена
[2026-06-25 15:48:56] Программа запущена
[2026-06-25 15:49:08] Введены данные: https://ya.ru
[2026-06-25 15:49:19] Установлена версия: 5
[2026-06-25 15:49:22] Установлен уровень коррекции: Q
[2026-06-25 15:49:25] Установлен размер модуля: 20
[2026-06-25 15:49:28] Установлен цвет кода: red
[2026-06-25 15:50:49] Начало генерации артового QR для: https://ya.ru...
[2026-06-25 15:50:49] Загрузка ControlNet модели: DionTimmer/controlnet_qrcode-control_v1p_sd15
[2026-06-25 15:50:59] Загрузка базовой модели: runwayml/stable-diffusion-v1-5
[2026-06-25 15:53:55] Артовый QR-код успешно сгенерирован
[2026-06-25 15:53:55] Артовый QR-код сохранён как artistic_qr_20260625_155355.png
[2026-06-25 15:54:56] Программа завершена
[2026-06-25 15:55:45] Программа запущена
[2026-06-25 15:55:56] Введены данные: https://ya.ru
[2026-06-25 15:56:03] Установлена версия: 5
[2026-06-25 15:56:12] Установлен уровень коррекции: Q
[2026-06-25 15:56:21] Установлен размер модуля: 10
[2026-06-25 15:56:24] Установлен цвет кода: red
[2026-06-25 15:56:42] Начало генерации артового QR для: https://ya.ru...
[2026-06-25 15:56:42] Загрузка ControlNet модели: DionTimmer/controlnet_qrcode-control_v1p_sd15
[2026-06-25 15:56:48] Загрузка базовой модели: runwayml/stable-diffusion-v1-5
[2026-06-25 15:59:58] Артовый QR-код успешно сгенерирован
[2026-06-25 15:59:58] Артовый QR-код сохранён как artistic_qr_20260625_155958.png
[2026-06-25 16:00:05] Программа завершена
[2026-06-25 16:03:00] Программа запущена
[2026-06-25 16:03:14] Введены данные: https://ya.ru
[2026-06-25 16:03:26] Установлена версия: 10
[2026-06-25 16:03:29] Установлен уровень коррекции: Q
[2026-06-25 16:03:42] Установлен размер модуля: 20
[2026-06-25 16:03:44] Установлен цвет кода: red
[2026-06-25 16:06:09] Программа запущена
[2026-06-25 16:06:18] Введены данные: https://ya.ru
[2026-06-25 16:06:25] Установлена версия: 10
[2026-06-25 16:06:27] Установлен уровень коррекции: Q
[2026-06-25 16:06:29] Установлен размер модуля: 20
[2026-06-25 16:06:32] Установлен цвет кода: red
[2026-06-25 16:06:39] Начало генерации артового QR для: https://ya.ru...
[2026-06-25 16:06:39] Загрузка ControlNet модели: monster-labs/control_v1p_sd15_qrcode_monster
[2026-06-25 16:10:39] Загрузка базовой модели: runwayml/stable-diffusion-v1-5
[2026-06-25 16:13:27] Артовый QR-код успешно сгенерирован
[2026-06-25 16:13:27] Артовый QR-код сохранён как artistic_qr_20260625_161327.png
[2026-06-25 16:14:01] Программа завершена
[2026-06-25 16:17:27] Программа запущена
[2026-06-25 16:17:45] Введены данные: https://ya.ru
[2026-06-25 16:17:58] Установлена версия: 2
[2026-06-25 16:18:01] Установлен уровень коррекции: Q
[2026-06-25 16:18:11] Начало генерации артового QR для: https://ya.ru...
[2026-06-25 16:18:11] Загрузка ControlNet модели: monster-labs/control_v1p_sd15_qrcode_monster
[2026-06-25 16:18:12] Загрузка базовой модели: dreamlike-art/dreamlike-photoreal-2.0
[2026-06-25 16:58:34] Артовый QR-код успешно сгенерирован
[2026-06-25 16:58:34] Артовый QR-код сохранён как artistic_qr_20260625_165834.png
[2026-06-25 16:59:53] Программа завершена
[2026-06-25 17:11:07] Программа запущена
[2026-06-25 17:11:18] Установлена версия: 5
[2026-06-25 17:11:21] Установлен уровень коррекции: H
[2026-06-25 17:11:37] Введены данные: https://ya.ru
[2026-06-25 17:11:53] Начало генерации артового QR для: https://ya.ru...
[2026-06-25 17:11:53] Загрузка ControlNet модели: monster-labs/control_v1p_sdxl_qrcode_monster
[2026-06-25 17:35:21] Загрузка базовой модели: dreamlike-art/dreamlike-photoreal-2.0
[2026-06-25 17:36:15] Ошибка при генерации артового QR: argument of type 'NoneType' is not iterable
[2026-06-25 17:38:29] Начало генерации артового QR для: https://ya.ru...
[2026-06-25 17:39:01] Ошибка при генерации артового QR: argument of type 'NoneType' is not iterable
[2026-06-25 18:12:42] Программа завершена
[2026-06-25 18:14:17] Программа запущена
[2026-06-25 18:14:28] Введены данные: https://ya.ru
[2026-06-25 18:14:37] Установлена версия: 5
[2026-06-25 18:14:42] Установлен уровень коррекции: H
[2026-06-25 18:14:59] Установлен размер модуля: 20
[2026-06-25 18:16:34] Начало генерации артового QR для: https://ya.ru...
[2026-06-25 18:16:34] Загрузка ControlNet модели: monster-labs/control_v1p_sdxl_qrcode_monster
[2026-06-25 18:16:40] Загрузка базовой модели: dreamlike-art/dreamlike-photoreal-2.0
[2026-06-25 18:17:17] Ошибка при генерации артового QR: argument of type 'NoneType' is not iterable
[2026-06-25 18:17:24] Программа завершена
[2026-06-25 18:19:15] Программа запущена
[2026-06-25 18:20:28] Введены данные: https://ya.ru
[2026-06-25 18:20:35] Установлена версия: 5
[2026-06-25 18:20:40] Установлен уровень коррекции: H
[2026-06-25 18:20:42] Установлен размер модуля: 20
[2026-06-25 18:21:10] Начало генерации артового QR для: https://ya.ru...
[2026-06-25 18:21:10] Загрузка ControlNet модели: monster-labs/control_v1p_sdxl_qrcode_monster
[2026-06-25 18:21:11] Загрузка базовой модели: dreamlike-art/dreamlike-photoreal-2.0
[2026-06-25 18:21:50] Ошибка при генерации артового QR: argument of type 'NoneType' is not iterable
[2026-06-25 18:24:37] Программа завершена
[2026-06-25 18:24:46] Программа запущена
[2026-06-25 18:25:03] Введены данные: https://ya.ru
[2026-06-25 18:25:18] Установлена версия: 5
[2026-06-25 18:25:21] Установлен уровень коррекции: H
[2026-06-25 18:25:23] Установлен размер модуля: 20
[2026-06-25 18:25:52] Начало генерации артового QR для: https://ya.ru...
[2026-06-25 18:25:52] Загрузка ControlNet модели: monster-labs/control_v1p_sd15_qrcode_monster
[2026-06-25 18:25:58] Загрузка базовой модели: dreamlike-art/dreamlike-photoreal-2.0
[2026-06-25 19:11:27] Артовый QR-код успешно сгенерирован
[2026-06-25 19:11:27] Артовый QR-код сохранён как artistic_qr_20260625_191127.png
[2026-06-25 19:14:32] Программа завершена
[2026-06-25 19:23:18] Программа запущена
[2026-06-25 19:23:39] Введены данные: https://ya.ru
[2026-06-25 19:23:49] Установлена версия: 3
[2026-06-25 19:23:54] Установлен уровень коррекции: H
[2026-06-25 19:24:01] Установлен размер модуля: 20
[2026-06-25 19:24:04] Установлен цвет кода: red
[2026-06-25 19:24:58] Начало генерации артового QR для: https://ya.ru...
[2026-06-25 19:24:58] Загрузка ControlNet модели: monster-labs/control_v1p_sd15_qrcode_monster
[2026-06-25 19:24:59] Загрузка базовой модели: dreamlike-art/dreamlike-photoreal-2.0
[2026-06-25 20:10:04] Артовый QR-код успешно сгенерирован
[2026-06-25 20:10:04] Артовый QR-код сохранён как artistic_qr_20260625_201004.png
[2026-06-25 20:40:21] Программа завершена
[2026-06-25 20:40:30] Программа запущена
[2026-06-25 20:41:04] Введены данные: https://ya.ru
[2026-06-25 20:41:16] Установлена версия: 3
[2026-06-25 20:41:18] Установлен уровень коррекции: H
[2026-06-25 20:41:21] Установлен размер модуля: 20
[2026-06-25 20:41:23] Установлен цвет кода: red
[2026-06-25 20:41:46] Начало генерации артового QR для: https://ya.ru...
[2026-06-25 20:41:46] Загрузка ControlNet модели: monster-labs/control_v1p_sd15_qrcode_monster
[2026-06-25 20:41:47] Загрузка базовой модели: dreamlike-art/dreamlike-photoreal-2.0
[2026-06-25 20:48:31] Артовый QR-код успешно сгенерирован
[2026-06-25 20:48:31] Артовый QR-код сохранён как artistic_qr_20260625_204831.png
[2026-06-25 21:13:15] Программа завершена
[2026-06-25 21:13:44] Программа запущена
[2026-06-25 21:14:10] Введены данные: https://ya.ru
[2026-06-25 21:14:18] Установлена версия: 5
[2026-06-25 21:14:20] Установлен уровень коррекции: H
[2026-06-25 21:14:27] Установлен размер модуля: 20
[2026-06-25 21:14:37] Начало генерации артового QR для: https://ya.ru...
[2026-06-25 21:14:37] Загрузка ControlNet модели: monster-labs/control_v1p_sd15_qrcode_monster
[2026-06-25 21:14:51] Загрузка базовой модели: dreamlike-art/dreamlike-photoreal-2.0
[2026-06-25 21:20:16] Артовый QR-код успешно сгенерирован
[2026-06-25 21:20:16] Артовый QR-код сохранён как artistic_qr_20260625_212016.png
[2026-06-25 21:22:28] Начало генерации артового QR для: https://ya.ru...
[2026-06-25 21:27:44] Артовый QR-код успешно сгенерирован
[2026-06-25 21:27:44] Артовый QR-код сохранён как artistic_qr_20260625_212744.png
[2026-06-25 21:30:15] Начало генерации артового QR для: https://ya.ru...
[2026-06-25 21:35:31] Артовый QR-код успешно сгенерирован
[2026-06-25 21:35:31] Артовый QR-код сохранён как artistic_qr_20260625_213531.png
[2026-06-25 21:36:37] Программа завершена
[2026-06-25 21:38:13] Программа запущена
[2026-06-25 21:38:23] Введены данные: https://ya.ru
[2026-06-25 21:38:27] Установлена версия: 5
[2026-06-25 21:38:29] Установлен уровень коррекции: H
[2026-06-25 21:38:32] Установлен размер модуля: 20
[2026-06-25 21:38:42] Начало генерации артового QR для: https://ya.ru...
[2026-06-25 21:38:42] Загрузка ControlNet модели: monster-labs/control_v1p_sd15_qrcode_monster
[2026-06-25 21:38:48] Загрузка базовой модели: dreamlike-art/dreamlike-photoreal-2.0
[2026-06-25 21:41:18] Артовый QR-код успешно сгенерирован
[2026-06-25 21:41:18] Артовый QR-код сохранён как artistic_qr_20260625_214118.png
[2026-06-25 21:49:36] Программа завершена
[2026-06-25 21:51:30] Программа запущена
[2026-06-25 21:51:41] Введены данные: https://ya.ru
[2026-06-25 21:51:47] Установлена версия: 5
[2026-06-25 21:51:50] Установлен уровень коррекции: H
[2026-06-25 21:51:51] Установлен размер модуля: 20
[2026-06-25 21:52:02] Начало генерации артового QR для: https://ya.ru...
[2026-06-25 21:52:02] Загрузка ControlNet модели: DionTimmer/controlnet_qrcode-control_v11p_sd21
[2026-06-25 21:58:27] Загрузка базовой модели: stabilityai/stable-diffusion-2-1
[2026-06-25 21:58:27] Ошибка при генерации артового QR: Cannot load model stabilityai/stable-diffusion-2-1: model is not cached locally and an error occurred while trying to fetch metadata from the Hub. Please check out the root cause in the stacktrace above.
[2026-06-25 22:01:29] Программа завершена
[2026-06-25 22:01:39] Программа запущена
[2026-06-25 22:01:49] Введены данные: https://ya.ru
[2026-06-25 22:01:54] Установлена версия: 5
[2026-06-25 22:01:56] Установлен уровень коррекции: H
[2026-06-25 22:01:58] Установлен размер модуля: 20
[2026-06-25 22:02:08] Начало генерации артового QR для: https://ya.ru...
[2026-06-25 22:02:08] Загрузка ControlNet модели: DionTimmer/controlnet_qrcode-control_v11p_sd21
[2026-06-25 22:02:15] Загрузка базовой модели: stabilityai/stable-diffusion-3.5-large
[2026-06-25 22:02:15] Ошибка при генерации артового QR: 401 Client Error. (Request ID: Root=1-6a3d8947-6b1297e41281c93d4040de3d;1b9dfeee-8724-4083-a69e-b3894a3ebcb6)

Cannot access gated repo for url https://huggingface.co/stabilityai/stable-diffusion-3.5-large/resolve/main/model_index.json.
Access to model stabilityai/stable-diffusion-3.5-large is restricted. You must have access to it and be authenticated to access it. Please log in.
[2026-06-25 22:02:53] Программа завершена
[2026-06-25 22:03:01] Программа запущена
[2026-06-25 22:03:11] Введены данные: https://ya.ru
[2026-06-25 22:03:17] Установлена версия: 5
[2026-06-25 22:03:19] Установлен уровень коррекции: H
[2026-06-25 22:03:21] Установлен размер модуля: 20
[2026-06-25 22:03:30] Начало генерации артового QR для: https://ya.ru...
[2026-06-25 22:03:30] Загрузка ControlNet модели: DionTimmer/controlnet_qrcode-control_v11p_sd21
[2026-06-25 22:03:51] Загрузка базовой модели: runwayml/stable-diffusion-v1-5
[2026-06-25 22:03:56] Ошибка при генерации артового QR: mat1 and mat2 shapes cannot be multiplied (154x768 and 1024x320)
[2026-06-25 22:05:52] Программа завершена
[2026-06-25 22:06:02] Программа запущена
[2026-06-25 22:06:11] Введены данные: https://ya.ru
[2026-06-25 22:06:15] Установлена версия: 5
[2026-06-25 22:06:17] Установлен уровень коррекции: H
[2026-06-25 22:06:18] Установлен размер модуля: 20
[2026-06-25 22:06:26] Начало генерации артового QR для: https://ya.ru...
[2026-06-25 22:06:26] Загрузка ControlNet модели: DionTimmer/controlnet_qrcode-control_v11p_sd21
[2026-06-25 22:06:26] Загрузка базовой модели: dreamlike-art/dreamlike-photoreal-2.0
[2026-06-25 22:06:33] Ошибка при генерации артового QR: mat1 and mat2 shapes cannot be multiplied (154x768 and 1024x320)
[2026-06-25 22:07:17] Программа завершена
[2026-06-25 22:07:34] Программа запущена
[2026-06-25 22:07:39] Введены данные: ya.ru
[2026-06-25 22:07:44] Установлена версия: 5
[2026-06-25 22:07:46] Установлен уровень коррекции: H
[2026-06-25 22:07:47] Установлен размер модуля: 20
[2026-06-25 22:07:54] Начало генерации артового QR для: ya.ru...
[2026-06-25 22:07:54] Загрузка ControlNet модели: DionTimmer/controlnet_qrcode-control_v11p_sd15
[2026-06-25 22:08:09] Ошибка при генерации артового QR: DionTimmer/controlnet_qrcode-control_v11p_sd15 is not a local folder and is not a valid model identifier listed on 'https://huggingface.co/models'
If this is a private repository, make sure to pass a token having permission to this repo with `token` or log in with `hf auth login`.
[2026-06-25 22:09:37] Программа завершена
[2026-06-25 22:10:51] Программа запущена
[2026-06-25 22:10:56] Введены данные: ya.ru
[2026-06-25 22:11:01] Установлена версия: 5
[2026-06-25 22:11:03] Установлен уровень коррекции: H
[2026-06-25 22:11:04] Установлен размер модуля: 20
[2026-06-25 22:11:11] Начало генерации артового QR для: ya.ru...
[2026-06-25 22:11:11] Загрузка ControlNet модели: DionTimmer/controlnet_qrcode-control_v1p_sd15
[2026-06-25 22:11:27] Загрузка базовой модели: runwayml/stable-diffusion-v1-5
[2026-06-25 22:14:41] Артовый QR-код успешно сгенерирован
[2026-06-25 22:14:41] Артовый QR-код сохранён как artistic_qr_20260625_221441.png
[2026-06-25 22:15:00] Программа завершена
[2026-06-25 22:16:25] Программа запущена
[2026-06-25 22:16:31] Введены данные: ya.ru
[2026-06-25 22:16:35] Установлена версия: 5
[2026-06-25 22:16:37] Установлен уровень коррекции: H
[2026-06-25 22:16:39] Установлен размер модуля: 20
[2026-06-25 22:17:03] Начало генерации артового QR для: ya.ru...
[2026-06-25 22:17:03] Загрузка ControlNet модели: DionTimmer/controlnet_qrcode-control_v11p_sd21
[2026-06-25 22:17:04] Загрузка базовой модели: stabilityai/stable-diffusion-2-1-base
[2026-06-25 22:17:04] Ошибка при генерации артового QR: Cannot load model stabilityai/stable-diffusion-2-1-base: model is not cached locally and an error occurred while trying to fetch metadata from the Hub. Please check out the root cause in the stacktrace above.
[2026-06-25 22:17:43] Программа завершена
[2026-06-25 22:17:52] Программа запущена
[2026-06-25 22:17:57] Введены данные: ya.ru
[2026-06-25 22:18:01] Установлена версия: 5
[2026-06-25 22:18:04] Установлен уровень коррекции: H
[2026-06-25 22:18:06] Установлен размер модуля: 20
[2026-06-25 22:18:31] Начало генерации артового QR для: ya.ru...
[2026-06-25 22:18:31] Загрузка ControlNet модели: DionTimmer/controlnet_qrcode-control_v11p_sd21
[2026-06-25 22:18:42] Загрузка базовой модели: dreamlike-art/dreamlike-photoreal-2.0
[2026-06-25 22:18:51] Ошибка при генерации артового QR: mat1 and mat2 shapes cannot be multiplied (154x768 and 1024x320)
[2026-06-25 22:19:47] Программа завершена
[2026-06-25 22:20:00] Программа запущена
[2026-06-25 22:20:04] Введены данные: ya.ru
[2026-06-25 22:20:10] Установлена версия: 5
[2026-06-25 22:20:11] Установлен уровень коррекции: H
[2026-06-25 22:20:13] Установлен размер модуля: 20
[2026-06-25 22:20:34] Начало генерации артового QR для: ya.ru...
[2026-06-25 22:20:34] Загрузка ControlNet модели: DionTimmer/controlnet_qrcode-control_v1p_sd15
[2026-06-25 22:21:24] Загрузка базовой модели: dreamlike-art/dreamlike-photoreal-2.0
[2026-06-25 22:24:31] Артовый QR-код успешно сгенерирован
[2026-06-25 22:24:31] Артовый QR-код сохранён как artistic_qr_20260625_222431.png
[2026-06-25 22:25:02] Программа завершена
[2026-06-25 22:25:31] Программа запущена
[2026-06-25 22:25:38] Введены данные: mail.ru
[2026-06-25 22:25:46] Установлена версия: 10
[2026-06-25 22:25:48] Установлен уровень коррекции: H
[2026-06-25 22:25:53] Установлен размер модуля: 20
[2026-06-25 22:26:15] Начало генерации артового QR для: mail.ru...
[2026-06-25 22:26:15] Загрузка ControlNet модели: DionTimmer/controlnet_qrcode-control_v1p_sd15
[2026-06-25 22:26:16] Загрузка базовой модели: dreamlike-art/dreamlike-photoreal-2.0
[2026-06-25 23:10:28] Артовый QR-код успешно сгенерирован
[2026-06-25 23:10:28] Артовый QR-код сохранён как artistic_qr_20260625_231028.png
[2026-06-25 23:14:12] Программа завершена
[2026-06-25 23:14:23] Программа запущена
[2026-06-25 23:14:50] Введены данные: google.com
[2026-06-25 23:15:05] Установлена версия: 10
[2026-06-25 23:15:11] Установлен уровень коррекции: H
[2026-06-25 23:15:15] Установлен размер модуля: 20
[2026-06-25 23:15:48] Начало генерации артового QR для: google.com...
[2026-06-25 23:15:48] Загрузка ControlNet модели: DionTimmer/controlnet_qrcode-control_v1p_sd15
[2026-06-25 23:15:59] Загрузка базовой модели: dreamlike-art/dreamlike-photoreal-2.0
[2026-06-25 23:18:30] Артовый QR-код успешно сгенерирован
[2026-06-25 23:18:30] Артовый QR-код сохранён как artistic_qr_20260625_231830.png
[2026-06-25 23:19:48] Программа завершена
[2026-06-25 23:20:40] Программа запущена
[2026-06-25 23:20:59] Введены данные: google.com
[2026-06-25 23:21:09] Установлена версия: 20
[2026-06-25 23:21:11] Установлен уровень коррекции: H
[2026-06-25 23:21:14] Установлен размер модуля: 20
[2026-06-25 23:21:26] Начало генерации артового QR для: google.com...
[2026-06-25 23:21:26] Загрузка ControlNet модели: DionTimmer/controlnet_qrcode-control_v1p_sd15
[2026-06-25 23:21:26] Загрузка базовой модели: dreamlike-art/dreamlike-photoreal-2.0
[2026-06-25 23:24:13] Артовый QR-код успешно сгенерирован
[2026-06-25 23:24:13] Артовый QR-код сохранён как artistic_qr_20260625_232413.png
[2026-06-25 23:25:08] Программа завершена
[2026-06-25 23:25:19] Программа запущена
[2026-06-25 23:25:28] Введены данные: google.com
[2026-06-25 23:25:36] Установлена версия: 3
[2026-06-25 23:25:38] Установлен уровень коррекции: H
[2026-06-25 23:25:45] Установлен размер модуля: 30
[2026-06-25 23:26:09] Начало генерации артового QR для: google.com...
[2026-06-25 23:26:09] Загрузка ControlNet модели: DionTimmer/controlnet_qrcode-control_v1p_sd15
[2026-06-25 23:26:20] Загрузка базовой модели: dreamlike-art/dreamlike-photoreal-2.0
[2026-06-25 23:30:03] Артовый QR-код успешно сгенерирован
[2026-06-25 23:30:03] Артовый QR-код сохранён как artistic_qr_20260625_233003.png
[2026-06-25 23:31:56] Программа завершена
[2026-06-25 23:33:26] Программа запущена
[2026-06-25 23:33:33] Введены данные: google.com
[2026-06-25 23:33:44] Установлена версия: 2
[2026-06-25 23:33:46] Установлен уровень коррекции: H
[2026-06-25 23:33:49] Установлен размер модуля: 30
[2026-06-25 23:34:01] Начало генерации артового QR для: google.com...
[2026-06-25 23:34:01] Загрузка ControlNet модели: DionTimmer/controlnet_qrcode-control_v1p_sd15
[2026-06-25 23:34:10] Загрузка базовой модели: dreamlike-art/dreamlike-photoreal-2.0
[2026-06-25 23:35:11] Программа запущена
[2026-06-25 23:35:20] Введены данные: google.com
[2026-06-25 23:35:28] Установлена версия: 1
[2026-06-25 23:35:30] Установлен уровень коррекции: H
[2026-06-25 23:35:36] Установлен размер модуля: 40
[2026-06-25 23:35:46] Начало генерации артового QR для: google.com...
[2026-06-25 23:35:46] Загрузка ControlNet модели: DionTimmer/controlnet_qrcode-control_v1p_sd15
[2026-06-25 23:35:47] Загрузка базовой модели: dreamlike-art/dreamlike-photoreal-2.0
[2026-06-25 23:40:14] Артовый QR-код успешно сгенерирован
[2026-06-25 23:40:14] Артовый QR-код сохранён как artistic_qr_20260625_234014.png
[2026-06-25 23:40:40] Программа завершена
[2026-06-25 23:45:49] Программа запущена
[2026-06-25 23:46:10] Введены данные: google.com
[2026-06-25 23:46:22] Установлена версия: 10
[2026-06-25 23:46:24] Установлен уровень коррекции: H
[2026-06-25 23:46:27] Установлен размер модуля: 30
[2026-06-25 23:46:37] Начало генерации артового QR для: google.com...
[2026-06-25 23:46:37] Загрузка ControlNet модели: DionTimmer/controlnet_qrcode-control_v1p_sd15
[2026-06-25 23:46:38] Загрузка базовой модели: dreamlike-art/dreamlike-photoreal-2.0
[2026-06-25 23:51:14] Артовый QR-код успешно сгенерирован
[2026-06-25 23:51:14] Артовый QR-код сохранён как artistic_qr_20260625_235114.png
[2026-06-25 23:53:27] Программа завершена
[2026-06-25 23:53:35] Программа запущена
[2026-06-25 23:53:45] Введены данные: google.com
[2026-06-25 23:53:59] Установлена версия: 5
[2026-06-25 23:54:01] Установлен уровень коррекции: H
[2026-06-25 23:54:06] Установлен размер модуля: 30
[2026-06-25 23:54:29] Начало генерации артового QR для: google.com...
[2026-06-25 23:54:29] Загрузка ControlNet модели: DionTimmer/controlnet_qrcode-control_v1p_sd15
[2026-06-25 23:54:50] Загрузка базовой модели: dreamlike-art/dreamlike-photoreal-2.0
[2026-06-25 23:59:37] Артовый QR-код успешно сгенерирован
[2026-06-25 23:59:37] Артовый QR-код сохранён как artistic_qr_20260625_235937.png
[2026-06-26 00:05:30] Программа завершена
[2026-06-26 00:05:38] Программа запущена
[2026-06-26 00:05:45] Введены данные: mail.ru
[2026-06-26 00:06:12] Установлена версия: 10
[2026-06-26 00:06:14] Установлен уровень коррекции: H
[2026-06-26 00:06:19] Установлен размер модуля: 30
[2026-06-26 00:06:56] Начало генерации артового QR для: mail.ru...
[2026-06-26 00:06:56] Загрузка ControlNet модели: DionTimmer/controlnet_qrcode-control_v1p_sd15
[2026-06-26 00:07:07] Загрузка базовой модели: hakurei/waifu-diffusion
[2026-06-26 07:17:51] Программа запущена
[2026-06-26 07:18:02] Введены данные: google.com
[2026-06-26 07:18:11] Установлена версия: 5
[2026-06-26 07:18:13] Установлен уровень коррекции: H
[2026-06-26 07:18:15] Установлен размер модуля: 20
[2026-06-26 07:19:01] Начало генерации артового QR для: google.com...
[2026-06-26 07:19:01] Загрузка ControlNet модели: DionTimmer/controlnet_qrcode-control_v1p_sd15
[2026-06-26 07:19:02] Загрузка базовой модели: hakurei/waifu-diffusion
[2026-06-26 07:23:08] Программа запущена
[2026-06-26 07:23:26] Введены данные: mail.ru
[2026-06-26 07:23:32] Установлена версия: 10
[2026-06-26 07:23:34] Установлен уровень коррекции: H
[2026-06-26 07:23:36] Установлен размер модуля: 20
[2026-06-26 07:23:57] Начало генерации артового QR для: mail.ru...
[2026-06-26 07:23:57] Загрузка ControlNet модели: DionTimmer/controlnet_qrcode-control_v1p_sd15
[2026-06-26 07:23:58] Загрузка базовой модели: hakurei/waifu-diffusion
[2026-06-26 07:53:42] Программа запущена
[2026-06-26 07:53:47] Введены данные: mail.ru
[2026-06-26 07:53:51] Установлена версия: 10
[2026-06-26 07:53:53] Установлен уровень коррекции: H
[2026-06-26 07:53:56] Установлен размер модуля: 20
[2026-06-26 07:54:14] Начало генерации артового QR для: mail.ru...
[2026-06-26 07:54:14] Загрузка ControlNet модели: DionTimmer/controlnet_qrcode-control_v1p_sd15
[2026-06-26 07:54:14] Загрузка базовой модели: SG161222/Realistic_Vision_V5.1_noVAE
[2026-06-26 08:07:22] Артовый QR-код успешно сгенерирован
[2026-06-26 08:07:22] Артовый QR-код сохранён как artistic_qr_20260626_080722.png
[2026-06-26 08:20:07] Программа завершена
[2026-06-26 08:23:26] Программа запущена
[2026-06-26 08:23:34] Введены данные: mail.ru
[2026-06-26 08:23:43] Установлен уровень коррекции: H
[2026-06-26 08:24:09] Начало генерации артового QR для: mail.ru...
[2026-06-26 08:24:09] Загрузка ControlNet модели: DionTimmer/controlnet_qrcode-control_v1p_sd15
[2026-06-26 08:24:15] Загрузка базовой модели: SG161222/Realistic_Vision_V5.1_noVAE
[2026-06-26 08:51:26] Артовый QR-код успешно сгенерирован
[2026-06-26 08:51:27] Артовый QR-код сохранён как artistic_qr_20260626_085126.png
[2026-06-26 08:54:05] Программа завершена
[2026-06-26 08:55:10] Программа запущена
[2026-06-26 08:55:15] Введены данные: mail.ru
[2026-06-26 08:55:49] Установлена версия: 2
[2026-06-26 08:55:51] Установлен уровень коррекции: H
[2026-06-26 08:55:54] Установлен размер модуля: 20
[2026-06-26 08:56:18] Начало генерации артового QR для: mail.ru...
[2026-06-26 08:56:18] Загрузка ControlNet модели: DionTimmer/controlnet_qrcode-control_v1p_sd15
[2026-06-26 08:56:19] Загрузка базовой модели: SG161222/Realistic_Vision_V5.1_noVAE
[2026-06-26 09:19:59] Артовый QR-код успешно сгенерирован
[2026-06-26 09:19:59] Артовый QR-код сохранён как artistic_qr_20260626_091959.png
[2026-06-26 09:20:34] Программа завершена
[2026-06-26 09:21:49] Программа запущена
[2026-06-26 09:21:59] Введены данные: mail.ru
[2026-06-26 09:22:07] Установлена версия: 3
[2026-06-26 09:22:09] Установлен уровень коррекции: H
[2026-06-26 09:22:13] Установлен размер модуля: 20
[2026-06-26 09:22:23] Начало генерации артового QR для: mail.ru...
[2026-06-26 09:22:23] Загрузка ControlNet модели: DionTimmer/controlnet_qrcode-control_v1p_sd15
[2026-06-26 09:22:24] Загрузка базовой модели: SG161222/Realistic_Vision_V5.1_noVAE
[2026-06-26 09:38:44] Артовый QR-код успешно сгенерирован
[2026-06-26 09:38:45] Артовый QR-код сохранён как artistic_qr_20260626_093844.png
[2026-06-26 09:40:46] Программа завершена
[2026-06-26 10:01:39] Программа запущена
[2026-06-26 10:02:01] Введены данные: mail.ru
[2026-06-26 10:05:30] Установлена версия: 3
[2026-06-26 10:05:32] Установлен уровень коррекции: H
[2026-06-26 10:06:10] Начало генерации артового QR для: mail.ru...
[2026-06-26 10:06:10] Загрузка ControlNet модели: DionTimmer/controlnet_qrcode-control_v1p_sd15
[2026-06-26 10:06:13] Загрузка базовой модели: SG161222/Realistic_Vision_V5.1_noVAE
[2026-06-26 10:22:51] Артовый QR-код успешно сгенерирован
[2026-06-26 10:22:51] Артовый QR-код сохранён как artistic_qr_20260626_102251.png
[2026-06-26 10:24:37] Программа завершена
[2026-06-26 10:27:49] Программа запущена
[2026-06-26 10:28:00] Введены данные: example.com
[2026-06-26 10:28:05] Установлена версия: 1
[2026-06-26 10:28:07] Установлен уровень коррекции: H
[2026-06-26 10:28:09] Установлен размер модуля: 20
[2026-06-26 10:28:29] Начало генерации артового QR для: example.com...
[2026-06-26 10:28:29] Загрузка ControlNet модели: DionTimmer/controlnet_qrcode-control_v1p_sd15
[2026-06-26 10:28:35] Загрузка базовой модели: SG161222/Realistic_Vision_V5.1_noVAE
[2026-06-26 10:45:13] Артовый QR-код успешно сгенерирован
[2026-06-26 10:45:14] Артовый QR-код сохранён как artistic_qr_20260626_104513.png
[2026-06-26 10:45:36] Программа завершена
[2026-06-26 10:50:24] Программа запущена
[2026-06-26 10:50:35] Введены данные: example.com
[2026-06-26 10:50:55] Установлена версия: 29
[2026-06-26 10:50:57] Установлен уровень коррекции: H
[2026-06-26 10:51:03] Установлен размер модуля: 10
[2026-06-26 10:52:04] Начало генерации артового QR для: example.com...
[2026-06-26 10:52:04] Загрузка ControlNet модели: DionTimmer/controlnet_qrcode-control_v1p_sd15
[2026-06-26 10:52:05] Загрузка базовой модели: SG161222/Realistic_Vision_V5.1_noVAE
[2026-06-26 11:10:45] Артовый QR-код успешно сгенерирован
[2026-06-26 11:10:45] Артовый QR-код сохранён как artistic_qr_20260626_111045.png
[2026-06-26 11:22:22] Программа завершена
[2026-06-26 12:35:15] Программа запущена
[2026-06-26 12:39:22] Введены данные: https://www.odin.study
[2026-06-26 12:40:41] Установлена версия: 1
[2026-06-26 12:40:45] Установлен уровень коррекции: H
[2026-06-26 12:40:48] Установлен размер модуля: 20
[2026-06-26 12:40:52] Установлен цвет кода: red
[2026-06-26 12:41:01] Неверный выбор меню: 
[2026-06-26 12:41:45] QR-код сгенерирован для данных: https://www.odin.study
[2026-06-26 12:41:45] QR-код сохранён в файл: qr_code_20260626_124145.png
[2026-06-26 12:41:45] Файл сохранён: qr_code_20260626_124145.png
[2026-06-26 12:55:08] Программа завершена
